===============================================================
Gobuster v3.1.0
by OJ Reeves (@TheColonial) & Christian Mehlmauer (@firefart)
===============================================================
[+] Url:                     http://horizontall.htb
[+] Method:                  GET
[+] Threads:                 100
[+] Wordlist:                /usr/share/wordlists/dirb/common.txt
[+] Negative Status codes:   404
[+] User Agent:              gobuster/3.1.0
[+] Timeout:                 10s
===============================================================
2021/10/11 02:19:36 Starting gobuster in directory enumeration mode
===============================================================

/css                  (Status: 301) [Size: 194] [--> http://horizontall.htb/css/]

/favicon.ico          (Status: 200) [Size: 4286]                                 

/img                  (Status: 301) [Size: 194] [--> http://horizontall.htb/img/]

/index.html           (Status: 200) [Size: 901]                                  

/js                   (Status: 301) [Size: 194] [--> http://horizontall.htb/js/] 
===============================================================
2021/10/11 02:19:47 Finished
===============================================================
