===============================================================
Gobuster v3.1.0
by OJ Reeves (@TheColonial) & Christian Mehlmauer (@firefart)
===============================================================
[+] Url:                     http://api-prod.horizontall.htb
[+] Method:                  GET
[+] Threads:                 100
[+] Wordlist:                /usr/share/wordlists/dirb/common.txt
[+] Negative Status codes:   404
[+] User Agent:              gobuster/3.1.0
[+] Timeout:                 10s
===============================================================
2021/10/11 02:59:47 Starting gobuster in directory enumeration mode
===============================================================
/admin                (Status: 200) [Size: 854]
/ADMIN                (Status: 200) [Size: 854]
/Admin                (Status: 200) [Size: 854]
/favicon.ico          (Status: 200) [Size: 1150]
/index.html           (Status: 200) [Size: 413] 
/robots.txt           (Status: 200) [Size: 121] 
/reviews              (Status: 200) [Size: 507] 
/users                (Status: 403) [Size: 60]  
===============================================================
2021/10/11 03:00:01 Finished
===============================================================
