Starting Nmap 7.92 ( https://nmap.org ) at 2021-09-21 14:38 CST
Nmap scan report for 10.10.10.30
Host is up (0.31s latency).
Not shown: 989 filtered tcp ports (no-response)
PORT     STATE SERVICE       VERSION
53/tcp   open  domain        Simple DNS Plus
88/tcp   open  kerberos-sec  Microsoft Windows Kerberos (server time: 2021-09-21 22:55:07Z)
135/tcp  open  msrpc         Microsoft Windows RPC
139/tcp  open  netbios-ssn   Microsoft Windows netbios-ssn
389/tcp  open  ldap          Microsoft Windows Active Directory LDAP (Domain: MEGACORP.LOCAL0., Site: Default-First-Site-Name)
445/tcp  open  microsoft-ds?
464/tcp  open  kpasswd5?
593/tcp  open  ncacn_http    Microsoft Windows RPC over HTTP 1.0
636/tcp  open  tcpwrapped
3268/tcp open  ldap          Microsoft Windows Active Directory LDAP (Domain: MEGACORP.LOCAL0., Site: Default-First-Site-Name)
3269/tcp open  tcpwrapped
Warning: OSScan results may be unreliable because we could not find at least 1 open and 1 closed port
OS fingerprint not ideal because: Missing a closed TCP port so results incomplete
No OS matches for host
Network Distance: 2 hops
Service Info: Host: PATHFINDER; OS: Windows; CPE: cpe:/o:microsoft:windows

Host script results:
|_clock-skew: 16h16m19s
| smb2-time: 
|   date: 2021-09-21T22:55:33
|_  start_date: N/A
| smb2-security-mode: 
|   3.1.1: 
|_    Message signing enabled and required

TRACEROUTE (using port 139/tcp)
HOP RTT       ADDRESS
1   318.60 ms 10.10.14.1
2   319.05 ms 10.10.10.30

OS and Service detection performed. Please report any incorrect results at https://nmap.org/submit/ .
Nmap done: 1 IP address (1 host up) scanned in 124.49 seconds
